C51 COMPILER V9.01   MAIN                                                                  10/09/2011 21:18:49 PAGE 1   


C51 COMPILER V9.01, COMPILATION OF MODULE MAIN
OBJECT MODULE PLACED IN Main.OBJ
COMPILER INVOKED BY: C:\Keil\C51\BIN\C51.EXE Main.c BROWSE DEBUG OBJECTEXTEND

line level    source

   1          /*
   2           * Ê±ÖÓ(DS1302)Ä£¿é
   3           *
   4           * AUTHOR                       WHAT            DATE
   5           * Huafeng Lin          created         2011/10/08
   6           * Huafeng Lin          modified        2011/10/08
   7           *
   8           */
   9          
  10          #include "Common.h"
  11          #include "Lcd.h"
  12          #include "Clock.h"
  13          
  14          void main()
  15          {
  16   1              init_1602();
  17   1              display_1602(" Lcsoft  Studio ", 0, 0);
  18   1              delay_ms(500);
  19   1              reset_1602();
  20   1              init_clock();
  21   1              while(1)
  22   1              {
  23   2                      display_clock();
  24   2              }
  25   1      }


MODULE INFORMATION:   STATIC OVERLAYABLE
   CODE SIZE        =     37    ----
   CONSTANT SIZE    =     17    ----
   XDATA SIZE       =   ----    ----
   PDATA SIZE       =   ----    ----
   DATA SIZE        =   ----    ----
   IDATA SIZE       =   ----    ----
   BIT SIZE         =   ----    ----
END OF MODULE INFORMATION.


C51 COMPILATION COMPLETE.  0 WARNING(S),  0 ERROR(S)
