C51 COMPILER V9.60.0.0   MAIN                                                              01/20/2020 03:02:13 PAGE 1   


C51 COMPILER V9.60.0.0, COMPILATION OF MODULE MAIN
OBJECT MODULE PLACED IN .\Objects\main.obj
COMPILER INVOKED BY: C:\Keil5 C51\keil5 c51-code\C51\BIN\C51.EXE main.c OPTIMIZE(8,SPEED) BROWSE DEBUG OBJECTEXTEND PRIN
                    -T(.\Listings\main.lst) OBJECT(.\Objects\main.obj)

line level    source

   1          #include<reg52.h>
   2          #include<intrins.h>
   3          #include"DelayMs.h"
   4          
   5          uchar t0 = 0, t1 = 0;
   6          uchar flag_t0 = 0, flag_t1 = 0;
   7          uchar temp = 0xfe;
   8          uint shu = 432;
   9          
  10          #include"Disaplay_digital-tube1.h"
  11          #include"timer0_interrupt_1.h"
  12          #include"timer1_interrupt_3.h"
  13          
  14          void main()
  15          {
  16   1              P1 = temp;
  17   1              EA = 1;
  18   1              TMOD = 0X11;
  19   1              init_timer0(50000);
  20   1              init_timer1(50000);
  21   1              TR0 = 1;
  22   1              TR1 = 1;
  23   1      
  24   1              while (1)
  25   1              {
  26   2                      if (flag_t1 == 0)
  27   2                              Display_smg1(shu);
  28   2                      else
  29   2                              Display_smg_hello();
  30   2                      
  31   2              }
  32   1      }


MODULE INFORMATION:   STATIC OVERLAYABLE
   CODE SIZE        =    911    ----
   CONSTANT SIZE    =     27    ----
   XDATA SIZE       =   ----    ----
   PDATA SIZE       =   ----    ----
   DATA SIZE        =      7      10
   IDATA SIZE       =   ----    ----
   BIT SIZE         =   ----    ----
END OF MODULE INFORMATION.


C51 COMPILATION COMPLETE.  0 WARNING(S),  0 ERROR(S)
