CX51 COMPILER V9.60.0.0   MAIN                                                             05/01/2020 04:06:00 PAGE 1   


CX51 COMPILER V9.60.0.0, COMPILATION OF MODULE MAIN
OBJECT MODULE PLACED IN C:\0Practice\Hardware\STC51\STC89C52\10Days\Project5 Digital Tube-Active Display\main.OBJ
COMPILER INVOKED BY: C:\Keil5 C51\keil5 c51-code\C51\BIN\CX51.exe C:\0Practice\Hardware\STC51\STC89C52\10Days\Project5 D
                    -igital Tube-Active Display\main.c

line level    source

   1          #include<STC89C5xRC.H>
   2          #include"STC89_ISP_AUTO.H"
   3          #include"DelayMs.h"
   4          #include"DISPLAY_1BIT_SMG.H"
   5          #include"Disaplay_digital-tube0.h"
   6          
   7          void main()
   8          {
   9   1              UART1_init();
  10   1              while (1)
  11   1              {               
  12   2                      Display_smg0(6, 5, 4, 3, 2, 1);
  13   2              }
  14   1      }


MODULE INFORMATION:   STATIC OVERLAYABLE
   CODE SIZE        =    214    ----
   CONSTANT SIZE    =     22    ----
   XDATA SIZE       =   ----    ----
   PDATA SIZE       =   ----    ----
   DATA SIZE        =      1       6
   IDATA SIZE       =   ----    ----
   BIT SIZE         =   ----    ----
   EDATA SIZE       =   ----    ----
   HDATA SIZE       =   ----    ----
   XDATA CONST SIZE =   ----    ----
   FAR CONST SIZE   =   ----    ----
END OF MODULE INFORMATION.


CX51 COMPILATION COMPLETE.  0 WARNING(S),  0 ERROR(S)
