C51 COMPILER V9.60.0.0   MAIN                                                              01/19/2020 01:44:17 PAGE 1   


C51 COMPILER V9.60.0.0, COMPILATION OF MODULE MAIN
OBJECT MODULE PLACED IN .\Objects\main.obj
COMPILER INVOKED BY: C:\Keil5 C51\keil5 c51-code\C51\BIN\C51.EXE main.c OPTIMIZE(8,SPEED) BROWSE DEBUG OBJECTEXTEND PRIN
                    -T(.\Listings\main.lst) OBJECT(.\Objects\main.obj)

line level    source

   1          #include<reg52.h>
   2          #include"DelayMs.h"
   3          #include"Disaplay_digital-tube1.h"
   4          
   5          uchar n = 1;
   6          
   7          #include"timer0_interrupt_1.h"
   8          
   9          void main()
  10          {
  11   1              int shu = 0;
  12   1              init_timer0(50000);
  13   1              while (1)
  14   1              {
  15   2                      if (n == 20)
  16   2                      {
  17   3                              n = 0;
  18   3                              shu++;
  19   3                              if (shu == 1000)
  20   3                                      shu = 0;
  21   3      
  22   3                      }
  23   2                      Display_smg1(shu);
  24   2              }
  25   1      }
  26          


MODULE INFORMATION:   STATIC OVERLAYABLE
   CODE SIZE        =    424    ----
   CONSTANT SIZE    =     22    ----
   XDATA SIZE       =   ----    ----
   PDATA SIZE       =   ----    ----
   DATA SIZE        =      1       7
   IDATA SIZE       =   ----    ----
   BIT SIZE         =   ----    ----
END OF MODULE INFORMATION.


C51 COMPILATION COMPLETE.  0 WARNING(S),  0 ERROR(S)
