C51 COMPILER V9.60.0.0   MAIN                                                              10/02/2020 10:24:07 PAGE 1   


C51 COMPILER V9.60.0.0, COMPILATION OF MODULE MAIN
OBJECT MODULE PLACED IN .\Objects\main.obj
COMPILER INVOKED BY: C:\KEIL\KEIL-CODE\C51\BIN\C51.EXE main.c OPTIMIZE(9,SIZE) BROWSE DEBUG OBJECTEXTEND PRINT(.\Listing
                    -s\main.lst) TABS(3) OBJECT(.\Objects\main.obj)

line level    source

   1          #include <STC89C5XRC.H>
   2          #include <intrins.h>
   3          #include <math.h>
   4          #include "MenYuhan_Drivers_STC89.h"
   5          void main()
   6          {
   7   1         STC89_TX_1C_Board_IO_Base_Init();
   8   1      
   9   1         EX1_Init();
  10   1      
  11   1         while (1)
  12   1         {
  13   2            LED1_On;
  14   2         }
  15   1      }


MODULE INFORMATION:   STATIC OVERLAYABLE
   CODE SIZE        =   1216    ----
   CONSTANT SIZE    =     55    ----
   XDATA SIZE       =   ----    ----
   PDATA SIZE       =   ----    ----
   DATA SIZE        =     24      25
   IDATA SIZE       =   ----    ----
   BIT SIZE         =   ----    ----
END OF MODULE INFORMATION.


C51 COMPILATION COMPLETE.  0 WARNING(S),  0 ERROR(S)
