C51 COMPILER V9.60.0.0   ____2                                                             10/17/2020 11:13:01 PAGE 1   


C51 COMPILER V9.60.0.0, COMPILATION OF MODULE ____2
OBJECT MODULE PLACED IN .\Objects\作业2.obj
COMPILER INVOKED BY: C:\KEIL\KEIL-CODE\C51\BIN\C51.EXE 作业2.c OPTIMIZE(9,SIZE) BROWSE DEBUG OBJECTEXTEND PRINT(.\Listin
                    -gs\作业2.lst) TABS(3) OBJECT(.\Objects\作业2.obj)

line level    source

   1          #include<reg52.h>
   2          
   3          #define uchar unsigned char
   4          #define uint  unsigned int
   5          
   6          sbit dula = P2^6;
   7          sbit wela = P2^7;
   8          sbit pwm = P0^0; 
   9          
  10          void delayMS(unsigned int i)
  11          {
  12   1         unsigned int j;
  13   1         unsigned char k;
  14   1         for(j=i;j>0;j--)
  15   1            for(k=125;k>0;k--);
  16   1      }
  17          
  18          void Timer0_Init(void)
  19          {
  20   1         TMOD = 0x01;
  21   1         TH0 = (65535 - 799)/256;
  22   1         TL0 = (65535 - 799)%256;
  23   1         ET0 = 1;
  24   1         TR0 = 1;
  25   1         EA = 1;
  26   1         pwm = 0;
  27   1      }
  28          
  29          void timer0(void)interrupt 1
  30          {
  31   1         if(pwm == 0)
  32   1         {
  33   2            TH0 = (65535 - 199)/256;
  34   2           TL0 = (65535 - 199)%256;
  35   2            pwm = 1;
  36   2         }
  37   1         else
  38   1         {
  39   2            TH0 = (65535 - 799)/256;
  40   2           TL0 = (65535 - 799)%256;
  41   2            pwm = 0;
  42   2         }
  43   1      }
  44          
  45          void main()
  46          {
  47   1         unsigned char leds = 0x7f;
  48   1         Timer0_Init();    
  49   1         while(1)
  50   1         {  
  51   2            leds = (leds << 1)|(leds >> 7);
  52   2            P1 = leds;
  53   2           delayMS(2600);
  54   2            leds = (leds << 1)|(leds >> 7);
C51 COMPILER V9.60.0.0   ____2                                                             10/17/2020 11:13:01 PAGE 2   

  55   2            P1 = leds;
  56   2           delayMS(2600);
  57   2            leds = (leds << 1)|(leds >> 7);
  58   2            P1 = leds;
  59   2           delayMS(2600);
  60   2            leds = (leds << 1)|(leds >> 7);
  61   2            P1 = leds;
  62   2           delayMS(2600);
  63   2      
  64   2            leds = (leds << 1)|(leds >> 7);
  65   2            P1 = leds;
  66   2           delayMS(2600);
  67   2            leds = (leds << 1)|(leds >> 7);
  68   2            P1 = leds;
  69   2           delayMS(2600);
  70   2         }
  71   1      }


MODULE INFORMATION:   STATIC OVERLAYABLE
   CODE SIZE        =    148    ----
   CONSTANT SIZE    =   ----    ----
   XDATA SIZE       =   ----    ----
   PDATA SIZE       =   ----    ----
   DATA SIZE        =   ----    ----
   IDATA SIZE       =   ----    ----
   BIT SIZE         =   ----    ----
END OF MODULE INFORMATION.


C51 COMPILATION COMPLETE.  0 WARNING(S),  0 ERROR(S)
