C51 COMPILER V9.60.0.0   MAIN                                                              10/01/2020 00:59:48 PAGE 1   


C51 COMPILER V9.60.0.0, COMPILATION OF MODULE MAIN
OBJECT MODULE PLACED IN .\Objects\main.obj
COMPILER INVOKED BY: C:\KEIL\KEIL-CODE\C51\BIN\C51.EXE main.c OPTIMIZE(8,SPEED) BROWSE DEBUG OBJECTEXTEND PRINT(.\Listin
                    -gs\main.lst) TABS(3) OBJECT(.\Objects\main.obj)

line level    source

   1          #include <STC89C5XRC.H>
   2          #include <intrins.h>
   3          #include <math.h>
   4          #include "MenYuhan_Drivers_STC89.h"
   5          
   6          
   7          int code d[] = { 0x3f,0x06,0x5b,0x4f,0x66,0x6d,0x7d,0x07,0x7f,0x6f,
   8          0x77,0x7c,0x39,0x5e,0x79,0x71 };
   9          
  10          
  11          void main()
  12          {
  13   1         STC89_TX_1C_Board_IO_Base_Init();
  14   1      
  15   1         DigitalTube_Display_1bit(3, 6);
  16   1      }


MODULE INFORMATION:   STATIC OVERLAYABLE
   CODE SIZE        =   1517    ----
   CONSTANT SIZE    =     55    ----
   XDATA SIZE       =   ----    ----
   PDATA SIZE       =   ----    ----
   DATA SIZE        =     24      25
   IDATA SIZE       =   ----    ----
   BIT SIZE         =   ----    ----
END OF MODULE INFORMATION.


C51 COMPILATION COMPLETE.  0 WARNING(S),  0 ERROR(S)
