C51 COMPILER V9.60.0.0   MAIN                                                              10/01/2020 11:10:09 PAGE 1   


C51 COMPILER V9.60.0.0, COMPILATION OF MODULE MAIN
OBJECT MODULE PLACED IN .\Objects\main.obj
COMPILER INVOKED BY: C:\KEIL\KEIL-CODE\C51\BIN\C51.EXE main.c OPTIMIZE(9,SIZE) BROWSE DEBUG OBJECTEXTEND PRINT(.\Listing
                    -s\main.lst) TABS(3) OBJECT(.\Objects\main.obj)

line level    source

   1          #include <STC89C5XRC.H>
   2          #include <intrins.h>
   3          #include <math.h>
   4          #include "MenYuhan_Drivers_STC89.h"
   5          
   6          //uchar t0 = 0, t1 = 0;
   7          //uchar flag_t0 = 0, flag_t1 = 0;
   8          //uchar temp = 0xfe;
   9          //uint shu = 432;
  10          
  11          //#include"Disaplay_digital-tube1.h"
  12          //#include"timer0_interrupt_1.h"
  13          //#include"timer1_interrupt_3.h"
  14          
  15          void main()
  16          {
  17   1         STC89_TX_1C_Board_IO_Base_Init();
  18   1      
  19   1         P1 = temp;
  20   1         TMOD = 0X11;
  21   1         T0_Init(50000);
  22   1         T1_Init(50000);
  23   1         TR0 = 1;
  24   1         TR1 = 1;
  25   1      
  26   1         while (1)
  27   1         {
  28   2            if (flag_t1 == 0)
  29   2               DigitalTube_Display_num_3bit(shu);
  30   2            else
  31   2               DigitalTube_Display_smg_HELLO();
  32   2            
  33   2         }
  34   1      }


MODULE INFORMATION:   STATIC OVERLAYABLE
   CODE SIZE        =   1352    ----
   CONSTANT SIZE    =     29    ----
   XDATA SIZE       =   ----    ----
   PDATA SIZE       =   ----    ----
   DATA SIZE        =     31      25
   IDATA SIZE       =   ----    ----
   BIT SIZE         =   ----    ----
END OF MODULE INFORMATION.


C51 COMPILATION COMPLETE.  0 WARNING(S),  0 ERROR(S)
