C51 COMPILER V9.60.0.0   MAIN                                                              10/02/2020 02:05:34 PAGE 1   


C51 COMPILER V9.60.0.0, COMPILATION OF MODULE MAIN
OBJECT MODULE PLACED IN .\Objects\main.obj
COMPILER INVOKED BY: C:\KEIL\KEIL-CODE\C51\BIN\C51.EXE main.c OPTIMIZE(8,SPEED) BROWSE DEBUG OBJECTEXTEND PRINT(.\Listin
                    -gs\main.lst) TABS(3) OBJECT(.\Objects\main.obj)

line level    source

   1          #include <STC89C5XRC.H>
   2          #include <intrins.h>
   3          #include <math.h>
   4          #include "MenYuhan_Drivers_STC89.h"
   5          
   6          void main()
   7          {
   8   1         STC89_TX_1C_Board_IO_Base_Init();
   9   1      
  10   1         wx = 1;
  11   1         P0 = weixuan[0];
  12   1         wx = 0;
  13   1      
  14   1         P3 = 0xff;
  15   1         LED0_Off;
  16   1      
  17   1         while (1)
  18   1         {
  19   2            Keyboard_Independent();
  20   2      
  21   2            dx = 1;
  22   2            P0 = duanxuan[num];
  23   2            dx = 0;
  24   2      
  25   2            LED0_Off;
  26   2         }
  27   1      }


MODULE INFORMATION:   STATIC OVERLAYABLE
   CODE SIZE        =   1584    ----
   CONSTANT SIZE    =     55    ----
   XDATA SIZE       =   ----    ----
   PDATA SIZE       =   ----    ----
   DATA SIZE        =     25      25
   IDATA SIZE       =   ----    ----
   BIT SIZE         =   ----    ----
END OF MODULE INFORMATION.


C51 COMPILATION COMPLETE.  0 WARNING(S),  0 ERROR(S)
