C51 COMPILER V9.60.0.0   MAIN                                                              10/02/2020 15:10:10 PAGE 1   


C51 COMPILER V9.60.0.0, COMPILATION OF MODULE MAIN
OBJECT MODULE PLACED IN .\Objects\main.obj
COMPILER INVOKED BY: C:\KEIL\KEIL-CODE\C51\BIN\C51.EXE main.c OPTIMIZE(9,SIZE) BROWSE DEBUG OBJECTEXTEND PRINT(.\Listing
                    -s\main.lst) TABS(3) OBJECT(.\Objects\main.obj)

line level    source

   1          #include <STC89C5XRC.H>
   2          #include <intrins.h>
   3          #include <math.h>
   4          #include "MenYuhan_Drivers_STC89.h"
   5          void main()
   6          {
   7   1         STC89_TX_1C_Board_IO_Base_Init();
   8   1      
   9   1         EX0_Init();
  10   1      
  11   1         T0_Init(50000);
  12   1         TMOD = 0X01;
  13   1      
  14   1         while (1)
  15   1         {
  16   2            DigitalTube_Display_1bit(0, 0);
  17   2            Delay_s_1();
  18   2            while (t0_flag == 1)
  19   2            {
  20   3               DigitalTube_Display_Str_Error();
  21   3               if (t0_flag == 0)
  22   3                  break;
  23   3            }
  24   2      
  25   2            DigitalTube_Display_1bit(1, 1);
  26   2            Delay_s_1();
  27   2            while (t0_flag == 1)
  28   2            {
  29   3               DigitalTube_Display_Str_Error();
  30   3               if (t0_flag == 0)
  31   3                  break;
  32   3            }
  33   2      
  34   2            DigitalTube_Display_1bit(2, 2);
  35   2            Delay_s_1();
  36   2            while (t0_flag == 1)
  37   2            {
  38   3               DigitalTube_Display_Str_Error();
  39   3               if (t0_flag == 0)
  40   3                  break;
  41   3            }
  42   2      
  43   2            DigitalTube_Display_1bit(3, 3);
  44   2            Delay_s_1();
  45   2            while (t0_flag == 1)
  46   2            {
  47   3               DigitalTube_Display_Str_Error();
  48   3               if (t0_flag == 0)
  49   3                  break;
  50   3            }
  51   2      
  52   2            DigitalTube_Display_1bit(4, 4);
  53   2            Delay_s_1();
  54   2            while (t0_flag == 1)
C51 COMPILER V9.60.0.0   MAIN                                                              10/02/2020 15:10:10 PAGE 2   

  55   2            {
  56   3               DigitalTube_Display_Str_Error();
  57   3               if (t0_flag == 0)
  58   3                  break;
  59   3            }
  60   2      
  61   2            DigitalTube_Display_1bit(5, 5);
  62   2            Delay_s_1();
  63   2            while (t0_flag == 1)
  64   2            {
  65   3               DigitalTube_Display_Str_Error();
  66   3               if (t0_flag == 0)
  67   3                  break;
  68   3            }
  69   2         }
  70   1      }


MODULE INFORMATION:   STATIC OVERLAYABLE
   CODE SIZE        =   1379    ----
   CONSTANT SIZE    =     61    ----
   XDATA SIZE       =   ----    ----
   PDATA SIZE       =   ----    ----
   DATA SIZE        =     26      25
   IDATA SIZE       =   ----    ----
   BIT SIZE         =   ----    ----
END OF MODULE INFORMATION.


C51 COMPILATION COMPLETE.  0 WARNING(S),  0 ERROR(S)
