C51 COMPILER V9.60.0.0   MAIN                                                              01/21/2020 02:11:32 PAGE 1   


C51 COMPILER V9.60.0.0, COMPILATION OF MODULE MAIN
OBJECT MODULE PLACED IN .\Objects\main.obj
COMPILER INVOKED BY: C:\Keil5 C51\keil5 c51-code\C51\BIN\C51.EXE main.c OPTIMIZE(8,SPEED) BROWSE DEBUG OBJECTEXTEND PRIN
                    -T(.\Listings\main.lst) OBJECT(.\Objects\main.obj)

line level    source

   1          #include<reg52.h>
   2          #include"DelayMs.h"
   3          
   4          sbit d1 = P1 ^ 0;
   5          
   6          uchar num = 0;
   7          
   8          #include"Disaplay_digital-tube1.h"
   9          #include"Independent_Keyboard.h"
  10          
  11          void main()
  12          {
  13   1              wx = 1;
  14   1              P0 = weixuan[0];
  15   1              wx = 0;
  16   1      
  17   1              P3 = 0xff;
  18   1              d1 = 1;
  19   1      
  20   1              while (1)
  21   1              {
  22   2                      independent_key();
  23   2      
  24   2                      dx = 1;
  25   2                      P0 = duanxuan[num];
  26   2                      dx = 0;
  27   2              }
  28   1      }


MODULE INFORMATION:   STATIC OVERLAYABLE
   CODE SIZE        =    230    ----
   CONSTANT SIZE    =     23    ----
   XDATA SIZE       =   ----    ----
   PDATA SIZE       =   ----    ----
   DATA SIZE        =      1       1
   IDATA SIZE       =   ----    ----
   BIT SIZE         =   ----    ----
END OF MODULE INFORMATION.


C51 COMPILATION COMPLETE.  0 WARNING(S),  0 ERROR(S)
