C51 COMPILER V9.60.0.0   MAIN                                                              09/10/2020 22:40:04 PAGE 1   


C51 COMPILER V9.60.0.0, COMPILATION OF MODULE MAIN
OBJECT MODULE PLACED IN C:\0Practice\Hardware\STC51\STC89C52\10Ìì\Project4 Digital Tube-Quiet Stopwatch\main.OBJ
COMPILER INVOKED BY: C:\KEIL\KEIL-CODE\C51\BIN\C51.exe C:\0Practice\Hardware\STC51\STC89C52\10Ìì\Project4 Digital Tube-Q
                    -uiet Stopwatch\main.c

line level    source

   1          #include<reg52.h>
   2          
   3          sbit wx = P2 ^ 7;
   4          sbit dx = P2 ^ 6;
   5          
   6          uchar code duanxuan[] = { 0x3f,0x06,0x5b,0x4f,0x66,0x6d,0x7d,0x07,0x7f,0x6f,
*** ERROR C129 IN LINE 6 OF C:\0Practice\Hardware\STC51\STC89C52\10Ìì\Project4 Digital Tube-Quiet Stopwatch\main.c: miss
             -ing ';' before 'code'
   7          0x77,0x7c,0x39,0x5e,0x79,0x71 };
   8          uint i = 0, n = 0;
   9          
  10          #include"timer0_interrupt_1.h"
  11          
  12          void main()
  13          {
  14                  EA = 1;
  15                  ET0 = 1;
  16                  TMOD = 0X01;
  17                  TH0 = (65535 - 50000) / 256;
  18                  TL0 = (65535 - 50000) % 256;
  19                  TR0 = 1;
  20                  wx = 1;
  21                  P0 = 0XC0;
  22                  wx = 0;
  23                  dx = 1;
  24                  P0 = duanxuan[0];
  25                  dx = 0;
  26          
  27                  while (1)
  28                  {
  29                          if (n == 20)
  30                          {
  31                                  n = 0;
  32                                  i++;
  33                                  if (i == 16)
  34                                          i = 0;
  35                                  dx = 1;
  36                                  P0 = duanxuan[i];
  37                                  dx = 0;
  38                          }
  39                  }
  40          }

C51 COMPILATION COMPLETE.  0 WARNING(S),  1 ERROR(S)
