C51 COMPILER V9.60.0.0   MAIN                                                              10/24/2020 17:49:08 PAGE 1   


C51 COMPILER V9.60.0.0, COMPILATION OF MODULE MAIN
OBJECT MODULE PLACED IN .\Objects\main.obj
COMPILER INVOKED BY: C:\KEIL\KEIL-CODE\C51\BIN\C51.EXE main.c OPTIMIZE(9,SIZE) BROWSE DEBUG OBJECTEXTEND PRINT(.\Listing
                    -s\main.lst) TABS(3) OBJECT(.\Objects\main.obj)

line level    source

   1          #include <STC89C5XRC.H>
   2          #include <intrins.h>
   3          #include <math.h>
   4          //#include "MenYuhan_Drivers_STC89.h"
   5          
   6          typedef unsigned int uint;
   7          typedef unsigned char uchar;
   8          
   9          #define BIT0 1<<0
  10          #define BIT1 1<<1
  11          #define BIT2 1<<2
  12          #define BIT3 1<<3
  13          
  14          #define BIT4 1<<4
  15          #define BIT5 1<<5
  16          #define BIT6 1<<6
  17          #define BIT7 1<<7
  18          
  19          #define BIT8_ALL 0xff
  20          
  21          /*************************************注意******************************************/
  22          //data是C51关键字
  23          /***********************************预装数据****************************************/
  24          /************************************数码管*********************/
  25          uchar code Error[] = { 14,27,27,38,27,41 };
  26          /***********************************预设变量****************************************/
  27          uchar t0_flag = 0;
  28          uchar n = 0;
  29          
  30          //f=11.0592MHz
  31          /******************************************粗略延时***********************************/
  32          void Delay_ms(uint time_ms)
  33          {
  34   1         uint i, j;
  35   1         for (i = 0; i < time_ms; i++)
  36   1            for (j = 0; j < 113; j++);
  37   1      }
  38          /******************************************较为精准延时********************************/
  39          /***********************************************ms*****************/
  40          void Delay_ms_1()
  41          {
  42   1         unsigned char i, j;
  43   1         _nop_();
  44   1         i = 2;
  45   1         j = 199;
  46   1         do
  47   1         {
  48   2            while (--j);
  49   2         } while (--i);
  50   1      }
  51          
  52          void Delay_ms_2()
  53          {
  54   1         unsigned char i, j;
C51 COMPILER V9.60.0.0   MAIN                                                              10/24/2020 17:49:08 PAGE 2   

  55   1         _nop_();
  56   1         i = 4;
  57   1         j = 146;
  58   1         do
  59   1         {
  60   2            while (--j);
  61   2         } while (--i);
  62   1      }
  63          
  64          void Delay_ms_5()
  65          {
  66   1         unsigned char i, j;
  67   1         i = 9;
  68   1         j = 244;
  69   1         do
  70   1         {
  71   2            while (--j);
  72   2         } while (--i);
  73   1      }
  74          /***********************************************s******************/
  75          void Delay_s_0_5()
  76          {
  77   1         unsigned char i, j, k;
  78   1      
  79   1         _nop_();
  80   1         i = 4;
  81   1         j = 129;
  82   1         k = 119;
  83   1         do
  84   1         {
  85   2            do
  86   2            {
  87   3               while (--k);
  88   3            } while (--j);
  89   2         } while (--i);
  90   1      }
  91          
  92          void Delay_s_1()
  93          {
  94   1         unsigned char i, j, k;
  95   1      
  96   1         _nop_();
  97   1         i = 8;
  98   1         j = 1;
  99   1         k = 243;
 100   1         do
 101   1         {
 102   2            do
 103   2            {
 104   3               while (--k);
 105   3            } while (--j);
 106   2         } while (--i);
 107   1      }
 108          
 109          /***************************************预定义*****************************************/
 110          /***************************************数码管*****************/
 111          sbit wx = P2 ^ 7;
 112          sbit dx = P2 ^ 6;
 113          /***************************************操作****************************************/
 114          void STC89_TX_1C_Board_IO_Base_Init()
 115          {
 116   1         dx = 0;  //dx
C51 COMPILER V9.60.0.0   MAIN                                                              10/24/2020 17:49:08 PAGE 3   

 117   1         wx = 0;  //wx
 118   1      
 119   1         EA = 1;
 120   1      }
 121          
 122          /**********************************T0初始化*********************************/
 123          void T0_Init(uint timer0_long)
 124          {
 125   1         // EA = 1;
 126   1         ET0 = 1;
 127   1         // TMOD = 0X01;
 128   1         TH0 = (65536 - timer0_long) / 256;
 129   1         TL0 = (65536 - timer0_long) % 256;
 130   1         // TR0 = 1;
 131   1      }
 132          /**********************************功能定义**********************************/
 133          void T0_INT_Func()
 134          {
 135   1         n++;
 136   1         if (n == 60)
 137   1         {
 138   2            n = 0;
 139   2            t0_flag = 0;
 140   2            TR0 = 0;
 141   2         }
 142   1      }
 143          /************************************中断************************************/
 144          void T0_INT() interrupt 1
 145          {
 146   1         /*****修改定时的时长*****/
 147   1         uint time_long0;
 148   1         time_long0 = 50000;
 149   1         /*****装载定时的时长*****/
 150   1         TH0 = (65536 - time_long0) / 256;
 151   1         TL0 = (65536 - time_long0) % 256;
 152   1         /*****中断功能*****/
 153   1         T0_INT_Func();
 154   1      }
 155          
 156          /***********************************预先声明**********************************/
 157          void DigitalTube_Display_Str_Error();
 158          /************************************初始化***********************************/
 159          void EX0_Init()
 160          {
 161   1         EX0 = 1;
 162   1         // IT0 = 0; //低电平触发
 163   1         IT0 = 1; //下降沿触发
 164   1      }
 165          /************************************中断功能***********************************/
 166          void EX0_Func()
 167          {
 168   1         t0_flag = 1;
 169   1         TR0 = 1;
 170   1         //while (1)
 171   1         //{
 172   1         // DigitalTube_Display_Str_Error();
 173   1         // if (error_flag == 0)
 174   1         //    break;
 175   1         //}
 176   1      
 177   1      }
 178          /************************************进入中断***********************************/
C51 COMPILER V9.60.0.0   MAIN                                                              10/24/2020 17:49:08 PAGE 4   

 179          void EX0_INT() interrupt 0
 180          {
 181   1         EX0_Func();
 182   1      }
 183          
 184          /********************************************常量定义*********************************************/
 185          /********************************************段选************************/
 186          uchar code duanxuan[] =
 187          {
 188             0x3f,    //0
 189             0x06,    //1
 190             0x5b,    //2
 191             0x4f,    //3
 192             0x66,    //4
 193             0x6d,    //5
 194             0x7d,    //6
 195             0x07,    //7
 196             0x7f,    //8
 197             0x6f,    //9
 198          
 199             0x77,    //A--10
 200             0x7c,    //b--11
 201             0x39,    //C--12
 202             0x5e,    //d--13
 203             0x79,    //E--14
 204             0x71,    //F--15
 205             0x3d,    //G--16
 206             0x76,    //H--17
 207             0x11,    //i--18
 208             0x0e,    //J--19
 209             0x7a,    //k--20
 210             0x38,    //L--21
 211             0x55,    //M--22
 212             0x54,    //n--23
 213             0X3f,    //O--24
 214             0x73,    //P--25
 215             0x67,    //q--26
 216             0x50,    //r--27
 217             0x6d,    //S--28
 218             0x78,    //t--29
 219             0x3e,    //U--30
 220             0x3e,    //V--31
 221             0x6a,    //W--32
 222             0x76,    //X--33
 223             0x6e,    //y--34
 224             0x5b,    //Z--35
 225          
 226             0x7b,    //e--36
 227             0x74,    //h--37
 228             0x5c,    //o--38
 229             0x1c,    //u--39
 230             0x62,    //v--40
 231          
 232             0x00     //0x00为全不亮--41
 233          };
 234          /********************************************位选************************/
 235          uchar code weixuan[] =        //左边第一位为bit0
 236          {
 237             0xfe,    //0
 238             0xfd,    //1
 239             0xfb,    //2
 240             0xf7,    //3
C51 COMPILER V9.60.0.0   MAIN                                                              10/24/2020 17:49:08 PAGE 5   

 241             0xef,    //4
 242             0xdf,    //5
 243             0xc0     //ALL--6
 244          };
 245          /*******************************************全局变量**********************************************/
 246          /********************************************IO定义************************/
 247          //sbit wx = P2 ^ 7;
 248          //sbit dx = P2 ^ 6;
 249          /***********************************************操作**********************************************/
 250          /*******************************************数码管显示1bit******************/
 251          void DigitalTube_Display_1bit(uchar wei, uchar duan)     //位数据，段数据
 252          {
 253   1         dx = 1;
 254   1         P0 = duanxuan[duan];   //送段数据
 255   1         dx = 0;
 256   1         P0 = 0xff;     //送位数据前关闭所有显示，防止打开位选锁存后段选数据通过位选锁存器
 257   1         wx = 1;
 258   1         P0 = weixuan[wei];
 259   1         wx = 0;
 260   1         Delay_ms_1();
 261   1      }
 262          /*******************************************数码管显示6bit******************/
 263          void DigitalTube_Display_6bit(uchar zero, uchar one, uchar two, uchar three, uchar four, uchar five)
 264          {
 265   1         DigitalTube_Display_1bit(0, zero);
 266   1         DigitalTube_Display_1bit(1, one);
 267   1         DigitalTube_Display_1bit(2, two);
 268   1         DigitalTube_Display_1bit(3, three);
 269   1         DigitalTube_Display_1bit(4, four);
 270   1         DigitalTube_Display_1bit(5, five);
 271   1      }
 272          /*******************************************数码管显示Error******************/
 273          void DigitalTube_Display_Str_Error()
 274          {
 275   1         DigitalTube_Display_6bit(Error[0], Error[1], Error[2], Error[3], Error[4], Error[5]);
 276   1      }
 277          
 278          
 279          void main()
 280          {
 281   1         STC89_TX_1C_Board_IO_Base_Init();
 282   1      
 283   1         EX0_Init();
 284   1      
 285   1         T0_Init(50000);
 286   1         TMOD = 0X01;
 287   1      
 288   1         while (1)
 289   1         {
 290   2            while (t0_flag == 1)
 291   2            {
 292   3               DigitalTube_Display_Str_Error();
 293   3            }
 294   2      
 295   2            DigitalTube_Display_1bit(0, 0);
 296   2            Delay_s_1();
 297   2            while (t0_flag == 1)
 298   2            {
 299   3               DigitalTube_Display_Str_Error();
 300   3            }
 301   2      
 302   2            DigitalTube_Display_1bit(1, 1);
C51 COMPILER V9.60.0.0   MAIN                                                              10/24/2020 17:49:08 PAGE 6   

 303   2            Delay_s_1();
 304   2            while (t0_flag == 1)
 305   2            {
 306   3               DigitalTube_Display_Str_Error();
 307   3            }
 308   2      
 309   2            DigitalTube_Display_1bit(2, 2);
 310   2            Delay_s_1();
 311   2            while (t0_flag == 1)
 312   2            {
 313   3               DigitalTube_Display_Str_Error();
 314   3            }
 315   2      
 316   2            DigitalTube_Display_1bit(3, 3);
 317   2            Delay_s_1();
 318   2            while (t0_flag == 1)
 319   2            {
 320   3               DigitalTube_Display_Str_Error();
 321   3            }
 322   2      
 323   2            DigitalTube_Display_1bit(4, 4);
 324   2            Delay_s_1();
 325   2            while (t0_flag == 1)
 326   2            {
 327   3               DigitalTube_Display_Str_Error();
 328   3            }
 329   2      
 330   2            DigitalTube_Display_1bit(5, 5);
 331   2            Delay_s_1();
 332   2            while (t0_flag == 1)
 333   2            {
 334   3               DigitalTube_Display_Str_Error();
 335   3            }
 336   2         }
 337   1      }


MODULE INFORMATION:   STATIC OVERLAYABLE
   CODE SIZE        =    508    ----
   CONSTANT SIZE    =     55    ----
   XDATA SIZE       =   ----    ----
   PDATA SIZE       =   ----    ----
   DATA SIZE        =      2      10
   IDATA SIZE       =   ----    ----
   BIT SIZE         =   ----    ----
END OF MODULE INFORMATION.


C51 COMPILATION COMPLETE.  0 WARNING(S),  0 ERROR(S)
