C51 COMPILER V9.60.0.0   MAIN                                                              10/02/2020 10:42:09 PAGE 1   


C51 COMPILER V9.60.0.0, COMPILATION OF MODULE MAIN
OBJECT MODULE PLACED IN main.OBJ
COMPILER INVOKED BY: C:\KEIL\KEIL-CODE\C51\BIN\C51.EXE main.c OPTIMIZE(8,SPEED) BROWSE DEBUG OBJECTEXTEND TABS(3)

line level    source

   1          #include"reg52.h"
   2          #include"intrins.h"
   3          
   4          #define uchar unsigned char   
   5          #define uint  unsigned int 
   6          
   7          sbit Buzzer_P = P2 ^ 0;       // 蜂鸣器
   8          
   9          uchar TimeBuff[7]={19,10,4,6,18,30,40};   //时间数组，默认2019年10月4日，星期五，18:30:40
  10          // TimeBuff[0] 代表年份，范围00-99
  11          // TimeBuff[1] 代表月份，范围1-12
  12          // TimeBuff[2] 代表日期，范围1-31
  13          // TimeBuff[3] 代表星期，范围1-7，1是星期天，2是星期一
  14          // TimeBuff[4] 代表小时，范围00-23
  15          // TimeBuff[5] 代表分钟，范围00-59
  16          // TimeBuff[6] 代表秒钟，范围00-59
  17          
  18          uchar Clock_Hour;          // 闹钟的小时
  19          uchar Clock_Minute;              // 闹钟的分钟
  20          uchar Clock_Swt;           // 闹钟的开关
  21          uchar Buzzer_Flag = 0;           // 蜂鸣器工作标志
  22          
  23          uchar Stop_Watch_Count = 0;      // 用于秒表计数，10毫秒加1
  24          uint  Stop_Watch_Second = 0;        // 用于秒表计数，1秒加1
  25          
  26          #include"DelayMs.h"
  27          #include"EEPROM.h"
  28          #include"LCD1602.h"
  29          #include"DS1302.h"
  30          #include"keyboard4.h"
  31          #include"timer1.h"
  32          
  33          void main()
  34          {
  35   1         LcdInit();              // 执行液晶初始化 
  36   1         DS1302_Init();             // 时钟芯片的初始化
  37   1         LcdShowInit();          // 液晶显示内容的初始化
  38   1         TimerInit();               // 定时器初始化
  39   1         
  40   1         if(DS1302_Read_Byte(0x81)>=128)  // 判断时钟芯片是否正在运行
  41   1         {
  42   2            DS1302_Write_Time();          // 如果没有，则初始化一个时间
  43   2         }
  44   1         
  45   1         Clock_Hour = EEPROM_Read(0x2000);      // 读取0x2000这个地址的内容，赋值给闹钟的小时变量
  46   1         if(Clock_Hour>23)                // 如果读取到的闹钟小时数值不正常，则重新赋值
  47   1         {
  48   2            Clock_Hour = 12;
  49   2         }
  50   1      
  51   1         Clock_Minute = EEPROM_Read(0x2001); // 读取0x2001这个地址的内容，赋值给闹钟的分钟变量
  52   1         if(Clock_Minute>59)                 // 如果读取到的闹钟分钟数值不正常，则重新赋值
  53   1         {
  54   2            Clock_Minute = 30;
  55   2         }
C51 COMPILER V9.60.0.0   MAIN                                                              10/02/2020 10:42:09 PAGE 2   

  56   1      
  57   1         Clock_Swt = EEPROM_Read(0x2002);    // 读取0x2002这个地址的内容，赋值给闹钟的开关变量
  58   1         if(Clock_Swt>1)                     // 如果读取到的闹钟开关数值不正常，则重新赋值
  59   1         {
  60   2            Clock_Swt = 0;
  61   2         }
  62   1         
  63   1         while(1)
  64   1         {
  65   2            DS1302_Read_Time();     // 获取当前时钟芯片的时间，存在数组time_buf中
  66   2            FlashTime();            // 刷新时间显示
  67   2            ClockJudge();              // 闹钟工作的判断
  68   2      
  69   2            KeyScanf1();            // 按键扫描(时间的设置)
  70   2            KeyScanf2();               // 按键扫描(闹钟的设置)
  71   2            KeyScanf3();            // 按键扫描(进入和退出秒表)
  72   2                                 
  73   2            DelayMs(100);           // 延时0.1s
  74   2         }
  75   1      }


MODULE INFORMATION:   STATIC OVERLAYABLE
   CODE SIZE        =   2488    ----
   CONSTANT SIZE    =    145    ----
   XDATA SIZE       =   ----    ----
   PDATA SIZE       =   ----    ----
   DATA SIZE        =     14       4
   IDATA SIZE       =   ----    ----
   BIT SIZE         =   ----    ----
END OF MODULE INFORMATION.


C51 COMPILATION COMPLETE.  0 WARNING(S),  0 ERROR(S)
