C51 COMPILER V9.01   CLOCK                                                                 10/09/2011 21:18:49 PAGE 1   


C51 COMPILER V9.01, COMPILATION OF MODULE CLOCK
OBJECT MODULE PLACED IN Clock.OBJ
COMPILER INVOKED BY: C:\Keil\C51\BIN\C51.EXE Clock.c BROWSE DEBUG OBJECTEXTEND

line level    source

   1          /*
   2           * 时钟(DS1302)模块
   3           *
   4           * AUTHOR                       WHAT            DATE
   5           * Huafeng Lin          created         2011/10/08
   6           * Huafeng Lin          modified        2011/10/08
   7           *
   8           */
   9          
  10          #include "Clock.h"
  11          #include"Lcd.h"
  12          
  13          sbit  IO=P0^5;
  14          sbit  RST=P0^6;
  15          sbit  SCLK=P0^7;
  16          
  17          uchar code lookdis[16]={0x30,0x31,0x32,0x33,0x34,0x35,0x36,0x37,0x38,0x39};
  18          uchar data display[16]={0x32,0x30,0x32,0x33,0x2e,0x35,0x36,0x2e,0x38,0x39};
  19          uchar data xiaohui[16]={0x32,0x30,0x3a,0x33,0x2e,0x3a,0x36,0x2e};
  20          
  21          uchar year,month,week,day,hour,mintue,second;
  22          
  23          //***********************************
  24          //写DS1302
  25          //***********************************
  26          void write1302(uchar DS1302_addr, uchar DS1302_data)
  27          {
  28   1              uchar i;
  29   1              SCLK=0;
  30   1              _nop_();
  31   1              RST=1;                          
  32   1              _nop_();
  33   1              for(i=0;i<8;i++)                                                                //送地址给1302
  34   1              {
  35   2                      SCLK=0;
  36   2                      _nop_();
  37   2                      _nop_();
  38   2                      _nop_();
  39   2                      if((DS1302_addr&0x01)==0x01)
  40   2                         IO=1;
  41   2                      else
  42   2                         IO=0;
  43   2                      _nop_();
  44   2                      _nop_();
  45   2                      _nop_();
  46   2                      SCLK=1;
  47   2                      _nop_();
  48   2                      _nop_(); 
  49   2                      _nop_();
  50   2                      DS1302_addr=DS1302_addr>>1;
  51   2              }
  52   1              _nop_();
  53   1              _nop_();
  54   1              for(i=0;i<8;i++)                                                                //送数据给1302
  55   1              {
C51 COMPILER V9.01   CLOCK                                                                 10/09/2011 21:18:49 PAGE 2   

  56   2                      SCLK=0;
  57   2                      _nop_();
  58   2                      _nop_();
  59   2                      _nop_();
  60   2                      if((DS1302_data&0x01)==0x01)
  61   2                              IO=1;
  62   2                      else
  63   2                              IO=0;
  64   2                      _nop_();
  65   2                      _nop_();
  66   2                      _nop_();
  67   2                      SCLK=1;
  68   2                      _nop_();
  69   2                      _nop_(); 
  70   2                      _nop_();
  71   2                      DS1302_data=DS1302_data>>1;
  72   2              }
  73   1              RST=0;
  74   1      }
  75          
  76          //***********************************
  77          //读DS1302
  78          //***********************************
  79          uchar read1302(uchar DS1302_addr)
  80          {
  81   1              uchar receive_data=0;
  82   1              uchar i;
  83   1              SCLK=0;
  84   1              _nop_();
  85   1              _nop_();
  86   1              RST=1;
  87   1              _nop_();                                                                        //送地址给1302
  88   1              for(i=0;i<8;i++)
  89   1              {
  90   2                      SCLK=0;
  91   2                      _nop_();
  92   2                      _nop_();
  93   2                      _nop_();
  94   2                      if((DS1302_addr&0x01)==0x01)
  95   2                              IO=1;
  96   2                      else
  97   2                              IO=0;
  98   2                      _nop_();
  99   2                      _nop_();
 100   2                      _nop_();
 101   2                      SCLK=1;
 102   2                      _nop_();
 103   2                      _nop_(); 
 104   2                      _nop_();
 105   2                      DS1302_addr=DS1302_addr>>1;
 106   2              }
 107   1              _nop_();
 108   1              _nop_();
 109   1              for(i=0;i<8;i++)                                                        //从1302读出数据
 110   1              {
 111   2                      SCLK=0;
 112   2                      _nop_();
 113   2                               _nop_();
 114   2                               _nop_();
 115   2                      receive_data=receive_data>>1;
 116   2                      if(IO==1)
 117   2                              receive_data=receive_data|0x80;
C51 COMPILER V9.01   CLOCK                                                                 10/09/2011 21:18:49 PAGE 3   

 118   2                      else
 119   2                      receive_data=receive_data&0x7f;
 120   2                      _nop_();
 121   2                      _nop_();
 122   2                              _nop_();
 123   2                              SCLK=1;
 124   2                      _nop_();
 125   2                      _nop_(); 
 126   2                      _nop_();
 127   2              }
 128   1              RST=0;
 129   1              return(receive_data);
 130   1      }
 131          
 132          void init_clock()
 133          {
 134   1              write1302(0x8e,0x00);                                           //允许写1302
 135   1              //write1302(0x90,0xa6);                                         //1302充电，充电电流1.1mA
 136   1              
 137   1              second=read1302(0x81);
 138   1              write1302(0x80,second&0x7f);                            //启动晶振
 139   1      /*
 140   1              write1302(0x8c,0x9);                                            //年
 141   1              write1302(0x88,0x9);                                            //月
 142   1              write1302(0x86,0x3);                                            //日
 143   1              write1302(0x84,0x22);                                           //时
 144   1              write1302(0x82,0x33);                                           //分
 145   1              //write1302(0x80,0);                                                    //秒
 146   1      */
 147   1      }
 148          
 149          void display_clock()
 150          {
 151   1              uchar i;
 152   1      
 153   1              year=read1302(0x8d);
 154   1              display[3]=lookdis[year&0x0f];
 155   1      
 156   1              year=year>>4;
 157   1              display[2]=lookdis[year&0x0f];
 158   1              
 159   1              week=read1302(0x8b);
 160   1              display[14]=lookdis[week-1];
 161   1      
 162   1              month=read1302(0x89);
 163   1              display[6]=lookdis[month&0x0f];
 164   1      
 165   1              month=month>>4;
 166   1              display[5]=lookdis[month&0x0f];
 167   1              
 168   1              day=read1302(0x87);
 169   1              display[9]=lookdis[day&0x0f];
 170   1      
 171   1              day=day>>4;
 172   1              display[8]=lookdis[day&0x0f];
 173   1              
 174   1              hour=read1302(0x85);
 175   1              xiaohui[1]=lookdis[hour&0x0f];
 176   1      
 177   1              hour=hour>>4;
 178   1              xiaohui[0]=lookdis[hour&0x0f];
 179   1              
C51 COMPILER V9.01   CLOCK                                                                 10/09/2011 21:18:49 PAGE 4   

 180   1              mintue=read1302(0x83);
 181   1              xiaohui[4]=lookdis[mintue&0x0f];
 182   1      
 183   1              mintue=mintue>>4;
 184   1              xiaohui[3]=lookdis[mintue&0x0f];
 185   1              
 186   1              second=read1302(0x81);
 187   1              xiaohui[7]=lookdis[second&0x0f];
 188   1      
 189   1              second=second>>4;
 190   1              xiaohui[6]=lookdis[second&0x0f];
 191   1      
 192   1      
 193   1              for(i=0;i<10;i++)
 194   1              {
 195   2                      DisplayOneChar(i,0,display[i]);
 196   2              }
 197   1      
 198   1              for(i=0;i<8;i++)
 199   1              {
 200   2                      DisplayOneChar(i,1,xiaohui[i]); 
 201   2              }
 202   1      }


MODULE INFORMATION:   STATIC OVERLAYABLE
   CODE SIZE        =    412    ----
   CONSTANT SIZE    =     16    ----
   XDATA SIZE       =   ----    ----
   PDATA SIZE       =   ----    ----
   DATA SIZE        =     39       1
   IDATA SIZE       =   ----    ----
   BIT SIZE         =   ----    ----
END OF MODULE INFORMATION.


C51 COMPILATION COMPLETE.  0 WARNING(S),  0 ERROR(S)
