C51 COMPILER V9.60.0.0   MAIN                                                              10/23/2020 21:55:53 PAGE 1   


C51 COMPILER V9.60.0.0, COMPILATION OF MODULE MAIN
OBJECT MODULE PLACED IN .\Objects\main.obj
COMPILER INVOKED BY: C:\KEIL\KEIL-CODE\C51\BIN\C51.EXE main.c OPTIMIZE(9,SIZE) BROWSE DEBUG OBJECTEXTEND PRINT(.\Listing
                    -s\main.lst) TABS(3) OBJECT(.\Objects\main.obj)

line level    source

   1          #include <STC89C5XRC.H>
   2          //#include <STC12C5A60S2.H>
   3          #include <intrins.h>
   4          #include <math.h>
   5          #include "MenYuhan_Drivers_STC89.h"
   6          
   7          void main()
   8          {
   9   1         STC89_TX_1C_Board_IO_Base_Init();
  10   1      
  11   1         DS1302_Init();
  12   1         DS1302_W_Time();
  13   1         DS1302_Check();
  14   1      
  15   1         while (1)
  16   1         {
  17   2            DS1302_R_Time();
  18   2      
  19   2            hour_shi = TimeBuff[4] / 10;
  20   2            hour_ge = TimeBuff[4] % 10;
  21   2            min_shi = TimeBuff[5] / 10;
  22   2            min_ge = TimeBuff[5] % 10;
  23   2            sec_shi = TimeBuff[6] / 10;
  24   2            sec_ge = TimeBuff[6] % 10;
  25   2      
  26   2            DigitalTube_Display_6bit(hour_shi, hour_ge, min_shi, min_ge, sec_shi, sec_ge);
  27   2         }
  28   1      }


MODULE INFORMATION:   STATIC OVERLAYABLE
   CODE SIZE        =   1710    ----
   CONSTANT SIZE    =     55    ----
   XDATA SIZE       =   ----    ----
   PDATA SIZE       =   ----    ----
   DATA SIZE        =     13      25
   IDATA SIZE       =   ----    ----
   BIT SIZE         =   ----    ----
END OF MODULE INFORMATION.


C51 COMPILATION COMPLETE.  0 WARNING(S),  0 ERROR(S)
