C51 COMPILER V9.60.0.0   MAIN                                                              10/01/2020 01:44:58 PAGE 1   


C51 COMPILER V9.60.0.0, COMPILATION OF MODULE MAIN
OBJECT MODULE PLACED IN .\Objects\main.obj
COMPILER INVOKED BY: C:\KEIL\KEIL-CODE\C51\BIN\C51.EXE main.c OPTIMIZE(8,SIZE) BROWSE DEBUG OBJECTEXTEND PRINT(.\Listing
                    -s\main.lst) TABS(3) OBJECT(.\Objects\main.obj)

line level    source

   1          #include <STC89C5XRC.H>
   2          #include <intrins.h>
   3          #include <math.h>
   4          #include "MenYuhan_Drivers_STC89.h"
   5          void main()
   6          {
   7   1         STC89_TX_1C_Board_IO_Base_Init();
   8   1         while (1)
   9   1         {
  10   2            DigitalTube_Display_6bit(6, 5, 4, 3, 2, 1);
  11   2      
  12   2         }
  13   1      }


MODULE INFORMATION:   STATIC OVERLAYABLE
   CODE SIZE        =   1539    ----
   CONSTANT SIZE    =     24    ----
   XDATA SIZE       =   ----    ----
   PDATA SIZE       =   ----    ----
   DATA SIZE        =     28      25
   IDATA SIZE       =   ----    ----
   BIT SIZE         =   ----    ----
END OF MODULE INFORMATION.


C51 COMPILATION COMPLETE.  0 WARNING(S),  0 ERROR(S)
