C51 COMPILER V9.60.0.0   MAIN                                                              04/08/2020 18:39:25 PAGE 1   


C51 COMPILER V9.60.0.0, COMPILATION OF MODULE MAIN
OBJECT MODULE PLACED IN .\Objects\main.obj
COMPILER INVOKED BY: C:\Keil5 C51\keil5 c51-code\C51\BIN\C51.EXE main.c OPTIMIZE(8,SPEED) BROWSE DEBUG OBJECTEXTEND PRIN
                    -T(.\Listings\main.lst) OBJECT(.\Objects\main.obj)

line level    source

   1          #include<reg52.h>
   2          #include"DelayMs.h"
   3          
   4          uchar num, temp;
   5          
   6          #include"Disaplay_digital-tube1.h"
   7          #include"Matrix_Keyboard.h"
   8          
   9          void main()
  10          {
  11   1              num = 16;
  12   1      
  13   1              dx = 1;
  14   1              P0 = 0;
  15   1              dx = 0;
  16   1              P0 = 0xff;
  17   1              wx = 1;
  18   1              P0 = 0xc0;
  19   1              wx = 0;
  20   1      
  21   1              while (1)
  22   1              {
  23   2                      display_smg1(matrix_keyboard());
  24   2              }
  25   1      }


MODULE INFORMATION:   STATIC OVERLAYABLE
   CODE SIZE        =    485    ----
   CONSTANT SIZE    =     23    ----
   XDATA SIZE       =   ----    ----
   PDATA SIZE       =   ----    ----
   DATA SIZE        =      2    ----
   IDATA SIZE       =   ----    ----
   BIT SIZE         =   ----    ----
END OF MODULE INFORMATION.


C51 COMPILATION COMPLETE.  0 WARNING(S),  0 ERROR(S)
