C51 COMPILER V9.60.0.0   MAIN                                                              01/19/2020 00:07:58 PAGE 1   


C51 COMPILER V9.60.0.0, COMPILATION OF MODULE MAIN
OBJECT MODULE PLACED IN .\Objects\main.obj
COMPILER INVOKED BY: C:\Keil5 C51\keil5 c51-code\C51\BIN\C51.EXE main.c OPTIMIZE(8,SPEED) BROWSE DEBUG OBJECTEXTEND PRIN
                    -T(.\Listings\main.lst) OBJECT(.\Objects\main.obj)

line level    source

   1          #include<reg52.h>
   2          
   3          sbit wx = P2 ^ 7;
   4          sbit dx = P2 ^ 6;
   5          
   6          uchar code duanxuan[] = { 0x3f,0x06,0x5b,0x4f,0x66,0x6d,0x7d,0x07,0x7f,0x6f,
   7          0x77,0x7c,0x39,0x5e,0x79,0x71 };
   8          uint i = 0, n = 0;
   9          
  10          #include"timer0_interrupt_1.h"
  11          
  12          void main()
  13          {
  14   1              EA = 1;
  15   1              ET0 = 1;
  16   1              TMOD = 0X01;
  17   1              TH0 = (65535 - 50000) / 256;
  18   1              TL0 = (65535 - 50000) % 256;
  19   1              TR0 = 1;
  20   1              wx = 1;
  21   1              P0 = 0XC0;
  22   1              wx = 0;
  23   1              dx = 1;
  24   1              P0 = duanxuan[0];
  25   1              dx = 0;
  26   1      
  27   1              while (1)
  28   1              {
  29   2                      if (n == 20)
  30   2                      {
  31   3                              n = 0;
  32   3                              i++;
  33   3                              if (i == 16)
  34   3                                      i = 0;
  35   3                              dx = 1;
  36   3                              P0 = duanxuan[i];
  37   3                              dx = 0;
  38   3                      }
  39   2              }
  40   1      }


MODULE INFORMATION:   STATIC OVERLAYABLE
   CODE SIZE        =    227    ----
   CONSTANT SIZE    =     16    ----
   XDATA SIZE       =   ----    ----
   PDATA SIZE       =   ----    ----
   DATA SIZE        =      4       2
   IDATA SIZE       =   ----    ----
   BIT SIZE         =   ----    ----
END OF MODULE INFORMATION.


C51 COMPILATION COMPLETE.  0 WARNING(S),  0 ERROR(S)
