C51 COMPILER V9.60.0.0   MAIN                                                              01/09/2020 15:30:19 PAGE 1   


C51 COMPILER V9.60.0.0, COMPILATION OF MODULE MAIN
OBJECT MODULE PLACED IN .\Objects\main.obj
COMPILER INVOKED BY: C:\Keil5 C51\keil5 c51-code\C51\BIN\C51.EXE main.c OPTIMIZE(8,SPEED) BROWSE DEBUG OBJECTEXTEND PRIN
                    -T(.\Listings\main.lst) TABS(2) OBJECT(.\Objects\main.obj)

line level    source

   1          #include<reg52.h>
   2          
   3          #define uint unsigned int
   4          #define uchar unsigned char
   5          
   6          int code d[] = { 0x3f,0x06,0x5b,0x4f,0x66,0x6d,0x7d,0x07,0x7f,0x6f,
   7          0x77,0x7c,0x39,0x5e,0x79,0x71 };
   8          
   9          sbit wx = P2 ^ 7;
  10          sbit dx = P2 ^ 6;
  11          
  12          void main()
  13          {
  14   1        wx = 1;
  15   1        P0 = 0xc0;
  16   1        wx = 0;
  17   1        dx = 1;
  18   1        P0 = d[15];
  19   1        dx = 0;
  20   1      }


MODULE INFORMATION:   STATIC OVERLAYABLE
   CODE SIZE        =     20    ----
   CONSTANT SIZE    =     32    ----
   XDATA SIZE       =   ----    ----
   PDATA SIZE       =   ----    ----
   DATA SIZE        =   ----    ----
   IDATA SIZE       =   ----    ----
   BIT SIZE         =   ----    ----
END OF MODULE INFORMATION.


C51 COMPILATION COMPLETE.  0 WARNING(S),  0 ERROR(S)
