C51 COMPILER V9.60.0.0   MAIN                                                              10/01/2020 10:23:03 PAGE 1   


C51 COMPILER V9.60.0.0, COMPILATION OF MODULE MAIN
OBJECT MODULE PLACED IN .\Objects\main.obj
COMPILER INVOKED BY: C:\KEIL\KEIL-CODE\C51\BIN\C51.EXE main.c OPTIMIZE(9,SIZE) BROWSE DEBUG OBJECTEXTEND PRINT(.\Listing
                    -s\main.lst) TABS(3) OBJECT(.\Objects\main.obj)

line level    source

   1          #include <STC89C5XRC.H>
   2          #include <intrins.h>
   3          #include <math.h>
   4          #include "MenYuhan_Drivers_STC89.h"
   5          
   6          void main()
   7          {
   8   1         STC89_TX_1C_Board_IO_Base_Init();
   9   1         
  10   1         T0_Init(50000);
  11   1         TR0 = 1;
  12   1         while (1)
  13   1         {
  14   2            if (n == 20)
  15   2            {
  16   3               n = 0;
  17   3               shu++;
  18   3               if (shu == 1000)
  19   3                  shu = 0;
  20   3      
  21   3            }
  22   2            DigitalTube_Display_num_3bit(shu);
  23   2         }
  24   1      }
  25          


MODULE INFORMATION:   STATIC OVERLAYABLE
   CODE SIZE        =   1177    ----
   CONSTANT SIZE    =     24    ----
   XDATA SIZE       =   ----    ----
   PDATA SIZE       =   ----    ----
   DATA SIZE        =     27      25
   IDATA SIZE       =   ----    ----
   BIT SIZE         =   ----    ----
END OF MODULE INFORMATION.


C51 COMPILATION COMPLETE.  0 WARNING(S),  0 ERROR(S)
