C51 COMPILER V9.60.0.0   MAIN                                                              10/17/2020 03:11:41 PAGE 1   


C51 COMPILER V9.60.0.0, COMPILATION OF MODULE MAIN
OBJECT MODULE PLACED IN .\Objects\main.obj
COMPILER INVOKED BY: C:\KEIL\KEIL-CODE\C51\BIN\C51.EXE main.c OPTIMIZE(9,SIZE) BROWSE DEBUG OBJECTEXTEND PRINT(.\Listing
                    -s\main.lst) TABS(3) OBJECT(.\Objects\main.obj)

line level    source

   1          #include <STC89C5XRC.H>
   2          #include <intrins.h>
   3          #include <math.h>
   4          #include "MenYuhan_Drivers_STC89.h"
   5          void main()
   6          {
   7   1         STC89_TX_1C_Board_IO_Base_Init();
   8   1      
   9   1         UART1_Init();
  10   1      
  11   1         while (1)
  12   1         {
  13   2            Keyboard_4x4();
  14   2            DigitalTube_Display_1bit(5, Digital_Tube_Char_Num);
  15   2            P3 = 0xff;
  16   2            if (uart_flag == 1)
  17   2            {
  18   3               uart_flag = 0;
  19   3               SBUF = UART1_Char;
  20   3               while (!TI);
  21   3               TI = 0;
  22   3               UART1_Char = 48;
  23   3            }
  24   2            
  25   2         }
  26   1      }
  27          


MODULE INFORMATION:   STATIC OVERLAYABLE
   CODE SIZE        =   1473    ----
   CONSTANT SIZE    =     55    ----
   XDATA SIZE       =   ----    ----
   PDATA SIZE       =   ----    ----
   DATA SIZE        =     29      25
   IDATA SIZE       =   ----    ----
   BIT SIZE         =   ----    ----
END OF MODULE INFORMATION.


C51 COMPILATION COMPLETE.  0 WARNING(S),  0 ERROR(S)
