C51 COMPILER V9.60.0.0   MAIN                                                              10/17/2020 17:15:19 PAGE 1   


C51 COMPILER V9.60.0.0, COMPILATION OF MODULE MAIN
OBJECT MODULE PLACED IN .\Objects\main.obj
COMPILER INVOKED BY: C:\KEIL\KEIL-CODE\C51\BIN\C51.EXE main.c OPTIMIZE(9,SIZE) BROWSE DEBUG OBJECTEXTEND PRINT(.\Listing
                    -s\main.lst) TABS(3) OBJECT(.\Objects\main.obj)

line level    source

   1          //#include <STC12C5A60S2.H>
   2          #include <STC89C5xRC.H>
   3          #include <intrins.h>
   4          #include <math.h>
   5          #include "MenYuhan_Drivers_STC89.h"
   6          
   7          void main()
   8          {
   9   1         STC89_TX_1C_Board_IO_Base_Init();
  10   1      
  11   1         T0_Init(200);
  12   1         TMOD = 0X01;
  13   1         TR0 = 1;
  14   1      
  15   1         
  16   1      
  17   1         while (1)
  18   1         {
  19   2            LED0_On;
  20   2            Delay_s_0_5();
  21   2            LED_ALL_Off;
  22   2      
  23   2            LED1_On;
  24   2            Delay_s_0_5();
  25   2            LED_ALL_Off;
  26   2      
  27   2            LED2_On;
  28   2            Delay_s_0_5();
  29   2            LED_ALL_Off;
  30   2      
  31   2            LED3_On;
  32   2            Delay_s_0_5();
  33   2            LED_ALL_Off;
  34   2      
  35   2            LED4_On;
  36   2            Delay_s_0_5();
  37   2            LED_ALL_Off;
  38   2      
  39   2            LED5_On;
  40   2            Delay_s_0_5();
  41   2            LED_ALL_Off;
  42   2      
  43   2            LED6_On;
  44   2            Delay_s_0_5();
  45   2            LED_ALL_Off;
  46   2      
  47   2            LED7_On;
  48   2            Delay_s_0_5();
  49   2            LED_ALL_Off;
  50   2      
  51   2      
  52   2      
  53   2         }
  54   1      }
C51 COMPILER V9.60.0.0   MAIN                                                              10/17/2020 17:15:19 PAGE 2   



MODULE INFORMATION:   STATIC OVERLAYABLE
   CODE SIZE        =   1297    ----
   CONSTANT SIZE    =     55    ----
   XDATA SIZE       =   ----    ----
   PDATA SIZE       =   ----    ----
   DATA SIZE        =     30      25
   IDATA SIZE       =   ----    ----
   BIT SIZE         =   ----    ----
END OF MODULE INFORMATION.


C51 COMPILATION COMPLETE.  0 WARNING(S),  0 ERROR(S)
