C51 COMPILER V9.60.0.0   PROJECT2__CURRENT_LIGHT_AND_BEEP                                  10/01/2020 00:45:15 PAGE 1   


C51 COMPILER V9.60.0.0, COMPILATION OF MODULE PROJECT2__CURRENT_LIGHT_AND_BEEP
OBJECT MODULE PLACED IN .\Objects\Project2  Current light and Beep.obj
COMPILER INVOKED BY: C:\KEIL\KEIL-CODE\C51\BIN\C51.EXE Project2  Current light and Beep.c OPTIMIZE(9,SPEED) BROWSE DEBUG
                    - OBJECTEXTEND PRINT(.\Listings\Project2  Current light and Beep.lst) TABS(3) OBJECT(.\Objects\Project2  Current light an
                    -d Beep.obj)

line level    source

   1          #include <STC89C5XRC.H>
   2          #include <intrins.h>
   3          #include <math.h>
   4          #include "MenYuhan_Drivers_STC89.h"
   5          
   6          uint led_staus;
   7          
   8          void main()
   9          {
  10   1         STC89_TX_1C_Board_IO_Base_Init();
  11   1         
  12   1         led_staus = 0xfe;
  13   1         Beep_On;
  14   1         while (1)
  15   1         {
  16   2            P1 = led_staus;
  17   2            led_staus = _crol_(led_staus, 1);
  18   2            Delay_ms(80);
  19   2         }
  20   1      }


MODULE INFORMATION:   STATIC OVERLAYABLE
   CODE SIZE        =   1151    ----
   CONSTANT SIZE    =     23    ----
   XDATA SIZE       =   ----    ----
   PDATA SIZE       =   ----    ----
   DATA SIZE        =     26      25
   IDATA SIZE       =   ----    ----
   BIT SIZE         =   ----    ----
END OF MODULE INFORMATION.


C51 COMPILATION COMPLETE.  0 WARNING(S),  0 ERROR(S)
